09:27:52.226 [main] DEBUG org.intocps.maestro.Mabl - Frameworks: [FMI2]
09:27:52.431 [main] INFO  org.intocps.maestro.MablSpecificationGenerator - 	Imports [ JacobianStepBuilder , Initializer , DebugLogging , TypeConverter , DataWriter , FMI2 , Math , ArrayUtil , Logger , BooleanLogic , MEnv ]
09:27:52.806 [main] INFO  org.reflections.Reflections - Reflections took 324 ms to scan 1 urls, producing 197 keys and 613 values 
09:27:52.917 [main] DEBUG org.intocps.maestro.MablSpecificationGenerator - Located plugins: Initializer - 0.0.0
09:27:52.918 [main] DEBUG org.intocps.maestro.MablSpecificationGenerator - Located plugins: DebugLogging - 0.0.1
09:27:52.920 [main] DEBUG org.intocps.maestro.MablSpecificationGenerator - Located plugins: JacobianStepBuilder - 0.1.1
09:27:52.920 [main] DEBUG org.intocps.maestro.MablSpecificationGenerator - Located plugins: FixedStep - 0.0.1
09:27:52.921 [main] DEBUG org.intocps.maestro.MablSpecificationGenerator - Located plugins: TypeConverter - 0.0.1
09:27:52.921 [main] DEBUG org.intocps.maestro.MablSpecificationGenerator - Located plugins: Sigver - 0.0.1
09:27:52.945 [main] DEBUG org.intocps.maestro.MablSpecificationGenerator - The following plugins will be used for unfolding: [Initializer-0.0.0,DebugLogging-0.0.1,JacobianStepBuilder-0.1.1,TypeConverter-0.0.1]
09:27:52.948 [main] DEBUG org.intocps.maestro.MablSpecificationGenerator - Plugins declared functions: 
[
Initializer-0.0.0
	void initialize(FMI2Component[] component, real startTime, real endTime),
	void initialize_transfer(FMI2Component[] component, FMI2Component[] component, real startTime, real endTime),
DebugLogging-0.0.1
	void enableDebugLogging(FMI2Component component, string[] categories, uint categoriesSize),
	void disableDebugLogging(FMI2Component component, string[] categories, uint categoriesSize),
JacobianStepBuilder-0.1.1
	void variableStepSize(FMI2Component[] component, real initSize, real startTime, real endTime),
	void fixedStepSizeTransfer(FMI2Component[] component, real stepSize, real startTime, real endTime),
	void fixedStepSize(FMI2Component[] component, real stepSize, real startTime, real endTime),
TypeConverter-0.0.1
	void convertBoolean2Integer(bool from, int to),
	void convertInteger2Boolean(int from, bool to),
	void convertBoolean2Real(bool from, real to),
	void convertReal2Boolean(real from, bool to)
]
09:27:53.061 [main] DEBUG org.intocps.maestro.MablSpecificationGenerator - Externals [ initialize , fixedStepSizeTransfer ]
09:27:53.075 [main] DEBUG org.intocps.maestro.MablSpecificationGenerator - Replacing external 'initialize' with unfoled statement 'initialize' from plugin: Initializer 0.0.0
09:27:53.177 [main] DEBUG org.intocps.maestro.plugin.initializer.Initializer - Setup experiment for all components
09:27:53.390 [main] DEBUG org.intocps.maestro.plugin.initializer.Initializer - Enter initialization Mode
09:27:53.464 [main] DEBUG org.intocps.maestro.MablSpecificationGenerator - Replacing external 'fixedStepSizeTransfer' with unfoled statement 'fixedStepSizeTransfer' from plugin: JacobianStepBuilder 0.1.1
09:27:53.504 [main] INFO  org.intocps.maestro.plugin.JacobianStepBuilder - Unfolding with jacobian step: void fixedStepSizeTransfer(FMI2Component[] component, real stepSize, real startTime, real endTime)
09:27:53.504 [main] DEBUG org.intocps.maestro.plugin.JacobianStepBuilder - Activated model transfer
09:27:54.851 [main] DEBUG org.intocps.maestro.Mabl - Type checking
09:27:55.140 [main] INFO  org.reflections.Reflections - Reflections took 152 ms to scan 1 urls, producing 197 keys and 613 values 
09:27:55.151 [main] DEBUG org.intocps.maestro.Mabl - Loaded verifiers: NativeVerifier - 0.0.0
09:27:55.151 [main] DEBUG org.intocps.maestro.Mabl - Loaded verifiers: Fmi2ModelDescriptionVerifier - 0.0.0
09:27:55.152 [main] INFO  org.intocps.maestro.Mabl - Verifying with NativeVerifier - 0.0.0
09:27:55.159 [main] INFO  org.intocps.maestro.Mabl - Verifying with Fmi2ModelDescriptionVerifier - 0.0.0
09:27:56.894 [main] INFO  org.intocps.maestro.interpreter.MableInterpreter - Starting Mable Interpreter...
09:27:56.921 [main] DEBUG org.intocps.fmi.jnifmuapi.NativeFmu - Load FMU /workspace/models/MassSpringDamper1.fmu
09:27:56.921 [main] DEBUG org.intocps.fmi.jnifmuapi.NativeFmu - Extracting: /workspace/models/MassSpringDamper1.fmu to /tmp/MassSpringDamper118207397726265291010
09:27:57.015 [main] DEBUG org.intocps.fmi.jnifmuapi.NativeFmu - Extracted '/workspace/models/MassSpringDamper1.fmu' to '/tmp/MassSpringDamper118207397726265291010'
09:27:57.025 [main] DEBUG org.intocps.fmi.jnifmuapi.shared.NativeLoadManager - Loading FMU library: /tmp/MassSpringDamper118207397726265291010/binaries/linux64/MassSpringDamper1.so
09:27:57.026 [main] DEBUG org.intocps.fmi.jnifmuapi.NativeFmuLibraryLoader - Loading library: lib/Linux-amd64/libfmuapi.so
09:27:57.027 [main] DEBUG org.intocps.fmi.jnifmuapi.shared.NativeLibraryLoader - Extracting library from: lib/Linux-amd64/libfmuapi.so
09:27:57.044 [main] DEBUG org.intocps.fmi.jnifmuapi.shared.NativeLibraryLoader - Extracted library: /tmp/jnifmuapi1876201463298516077/jnifmuapi-Linux-amd64/libfmuapi.so
09:27:57.047 [main] DEBUG org.intocps.fmi.jnifmuapi.NativeFmuLibraryLoader - Loaded Library file: /tmp/jnifmuapi1876201463298516077/jnifmuapi-Linux-amd64/libfmuapi.so
09:27:57.047 [main] DEBUG org.intocps.fmi.jnifmuapi.shared.NativeLoadManager - Successfully loaded FMU library: /tmp/MassSpringDamper118207397726265291010/binaries/linux64/MassSpringDamper1.so
09:27:57.048 [main] DEBUG org.intocps.fmi.jnifmuapi.shared.NativeLoadManager - Loaded library into DLL pointer: 140448398585040
Interpretation load took: 130166635
09:27:57.055 [main] DEBUG org.intocps.fmi.jnifmuapi.NativeFmu - Load FMU /workspace/models/MassSpringDamper2.fmu
09:27:57.055 [main] DEBUG org.intocps.fmi.jnifmuapi.NativeFmu - Extracting: /workspace/models/MassSpringDamper2.fmu to /tmp/MassSpringDamper22801037010357521283
09:27:57.091 [main] DEBUG org.intocps.fmi.jnifmuapi.NativeFmu - Extracted '/workspace/models/MassSpringDamper2.fmu' to '/tmp/MassSpringDamper22801037010357521283'
09:27:57.099 [main] DEBUG org.intocps.fmi.jnifmuapi.shared.NativeLoadManager - Loading FMU library: /tmp/MassSpringDamper22801037010357521283/binaries/linux64/MassSpringDamper2.so
09:27:57.100 [main] DEBUG org.intocps.fmi.jnifmuapi.shared.NativeLoadManager - Successfully loaded FMU library: /tmp/MassSpringDamper22801037010357521283/binaries/linux64/MassSpringDamper2.so
09:27:57.100 [main] DEBUG org.intocps.fmi.jnifmuapi.shared.NativeLoadManager - Loaded library into DLL pointer: 140448398588000
Interpretation load took: 46638136
09:27:57.101 [main] DEBUG org.intocps.maestro.interpreter.Interpreter - Loading native FMU. GUID: {9113a387-2c02-42ae-ae68-5073bf845034}, NAME: msd2i
Interpretation instantiate took: 14556167
09:27:57.120 [main] DEBUG org.intocps.maestro.interpreter.Interpreter - Loading native FMU. GUID: {da03fa66-a02a-43d6-a906-db865e2ea044}, NAME: msd1i
Interpretation instantiate took: 2111610
09:27:57.301 [main] INFO  org.reflections.Reflections - Reflections took 162 ms to scan 1 urls, producing 197 keys and 613 values 
09:27:58.300 [main] DEBUG org.intocps.maestro.interpreter.Interpreter - freeInstance
09:27:58.301 [main] DEBUG org.intocps.maestro.interpreter.Interpreter - freeInstance
09:27:58.302 [main] DEBUG org.intocps.maestro.interpreter.Interpreter - unload
09:27:58.302 [main] DEBUG org.intocps.fmi.jnifmuapi.NativeFmu - UnLoad FMU /workspace/models/MassSpringDamper1.fmu, temp folder /tmp/MassSpringDamper118207397726265291010
09:27:58.303 [main] DEBUG org.intocps.fmi.jnifmuapi.NativeFmu - Deleting temp folder /tmp/MassSpringDamper118207397726265291010
09:27:58.314 [main] DEBUG org.intocps.maestro.interpreter.Interpreter - unload
09:27:58.314 [main] DEBUG org.intocps.fmi.jnifmuapi.NativeFmu - UnLoad FMU /workspace/models/MassSpringDamper2.fmu, temp folder /tmp/MassSpringDamper22801037010357521283
09:27:58.315 [main] DEBUG org.intocps.fmi.jnifmuapi.NativeFmu - Deleting temp folder /tmp/MassSpringDamper22801037010357521283
Interpretation time: 1426529151 PT1.426519012S
