Client connected successfully

Model Info

  FMI Version        2.0
  FMI Type           Model Exchange
  Model Name         Test_DTCONEDAR
  Description        
  Platforms          c-code, linux64
  Continuous States  0
  Event Indicators   0
  Variables          120
  Generation Tool    OpenModelica Compiler OpenModelica 1.22.1
  Generation Date    2023-12-28T13:13:46Z

Default Experiment

  Stop Time          1.0
  Tolerance          1e-06

Variables (input, output)

  Name               Causality              Start Value  Unit     Description
  abs_in             input                         30.0           [1/m]
  concOutA1_1        output                                       
  concOutA1_2        output                                       
  concOutA1_3        output                                       
  concOutA1_4        output                                       
  concOutA1_5        output                                       
  concOutA1_6        output                                       
  concOutA1_7        output                                       
  concOutA2_1        output                                       
  concOutA2_2        output                                       
  concOutA2_3        output                                       
  concOutA2_4        output                                       
  concOutA2_5        output                                       
  concOutA2_6        output                                       
  concOutA2_7        output                                       
  concOutA3_1        output                                       
  concOutA3_2        output                                       
  concOutA3_3        output                                       
  concOutA3_4        output                                       
  concOutA3_5        output                                       
  concOutA3_6        output                                       
  concOutA3_7        output                                       
  concOutC_1         output                                       
  concOutC_2         output                                       
  concOutC_3         output                                       
  concOutC_4         output                                       
  concOutC_5         output                                       
  concOutC_6         output                                       
  concOutC_7         output                                       
  power[1]           input                        100.0           [%]
  power[2]           input                        100.0           [%]
  power[3]           input                        100.0           [%]
  rho_a1_in          input                     100000.0           [UFC/100ml]
  rho_a2_in          input                      10000.0           [UFC/100ml]
  rho_a3_in          input                       1000.0           [UFC/100ml]
  rho_c_in           input                          0.1           [ml(H2O2)/L]
  vel_prof[1,1]      input                         10.0           
  vel_prof[1,2]      input                         10.0           
  vel_prof[1,3]      input                         10.0           
  vel_prof[1,4]      input                         10.0           
  vel_prof[1,5]      input                         10.0           
  vel_prof[1,6]      input                         10.0           
  vel_prof[1,7]      input                         10.0           
  vel_prof[1,8]      input                         10.0           
  vel_prof[2,1]      input                         10.0           
  vel_prof[2,2]      input                         10.0           
  vel_prof[2,3]      input                         10.0           
  vel_prof[2,4]      input                         10.0           
  vel_prof[2,5]      input                         10.0           
  vel_prof[2,6]      input                         10.0           
  vel_prof[2,7]      input                         10.0           
  vel_prof[2,8]      input                         10.0           
  vel_prof[3,1]      input                         10.0           
  vel_prof[3,2]      input                         10.0           
  vel_prof[3,3]      input                         10.0           
  vel_prof[3,4]      input                         10.0           
  vel_prof[3,5]      input                         10.0           
  vel_prof[3,6]      input                         10.0           
  vel_prof[3,7]      input                         10.0           
  vel_prof[3,8]      input                         10.0           
  vel_prof[4,1]      input                         10.0           
  vel_prof[4,2]      input                         10.0           
  vel_prof[4,3]      input                         10.0           
  vel_prof[4,4]      input                         10.0           
  vel_prof[4,5]      input                         10.0           
  vel_prof[4,6]      input                         10.0           
  vel_prof[4,7]      input                         10.0           
  vel_prof[4,8]      input                         10.0           
  vel_prof[5,1]      input                         10.0           
  vel_prof[5,2]      input                         10.0           
  vel_prof[5,3]      input                         10.0           
  vel_prof[5,4]      input                         10.0           
  vel_prof[5,5]      input                         10.0           
  vel_prof[5,6]      input                         10.0           
  vel_prof[5,7]      input                         10.0           
  vel_prof[5,8]      input                         10.0           
  vel_prof[6,1]      input                         10.0           
  vel_prof[6,2]      input                         10.0           
  vel_prof[6,3]      input                         10.0           
  vel_prof[6,4]      input                         10.0           
  vel_prof[6,5]      input                         10.0           
  vel_prof[6,6]      input                         10.0           
  vel_prof[6,7]      input                         10.0           
  vel_prof[6,8]      input                         10.0           
  vel_prof[7,1]      input                         10.0           
  vel_prof[7,2]      input                         10.0           
  vel_prof[7,3]      input                         10.0           
  vel_prof[7,4]      input                         10.0           
  vel_prof[7,5]      input                         10.0           
  vel_prof[7,6]      input                         10.0           
  vel_prof[7,7]      input                         10.0           
  vel_prof[7,8]      input                         10.0           
  vel_prof[8,1]      input                         10.0           
  vel_prof[8,2]      input                         10.0           
  vel_prof[8,3]      input                         10.0           
  vel_prof[8,4]      input                         10.0           
  vel_prof[8,5]      input                         10.0           
  vel_prof[8,6]      input                         10.0           
  vel_prof[8,7]      input                         10.0           
  vel_prof[8,8]      input                         10.0           
  vel_prof[9,1]      input                         10.0           
  vel_prof[9,2]      input                         10.0           
  vel_prof[9,3]      input                         10.0           
  vel_prof[9,4]      input                         10.0           
  vel_prof[9,5]      input                         10.0           
  vel_prof[9,6]      input                         10.0           
  vel_prof[9,7]      input                         10.0           
  vel_prof[9,8]      input                         10.0           
  vel_prof[10,1]     input                         10.0           
  vel_prof[10,2]     input                         10.0           
  vel_prof[10,3]     input                         10.0           
  vel_prof[10,4]     input                         10.0           
  vel_prof[10,5]     input                         10.0           
  vel_prof[10,6]     input                         10.0           
  vel_prof[10,7]     input                         10.0           
  vel_prof[10,8]     input                         10.0           
  vfr                input                      0.20833           [m3/s]
None
Simulating /workspace/examples/digital_twins/opc-ua-waterplant/Test_DTCONEDAR.fmu (FMI: Version = 2.0, Type = ['ModelExchange'])...
Simulation time = 0.5 ---------- Real time = 0.500371
Simulation time = 1.0 ---------- Real time = 1.000718
Simulation time = 1.5 ---------- Real time = 1.500672
Simulation time = 2.0 ---------- Real time = 2.00027
Simulation time = 2.5 ---------- Real time = 2.50028
Simulation time = 3.0 ---------- Real time = 3.000282
Simulation time = 3.5 ---------- Real time = 3.500293
Simulation time = 4.0 ---------- Real time = 4.000253
Simulation time = 4.5 ---------- Real time = 4.500282
Simulation time = 5.0 ---------- Real time = 5.000275
Simulation time = 5.5 ---------- Real time = 5.50037
Simulation time = 6.0 ---------- Real time = 6.000262
Simulation time = 6.5 ---------- Real time = 6.50027
Simulation time = 7.0 ---------- Real time = 7.000711
Simulation time = 7.5 ---------- Real time = 7.500288
Simulation time = 8.0 ---------- Real time = 8.000265
Simulation time = 8.5 ---------- Real time = 8.500708
Simulation time = 9.0 ---------- Real time = 9.000271
Simulation time = 9.5 ---------- Real time = 9.500303
Simulation time = 10.0 ---------- Real time = 10.000269
Client disconnected
